<?xml version="1.0" encoding="UTF-8"?>
<!-- Generated by org.testng.reporters.JUnitReportReporter -->
<testsuite skipped="0" hostname="DESKTOP-4F08SV1" name="com.testshastra.unittests.LoginTests" tests="3" failures="0" timestamp="27 Jan 2021 10:36:39 GMT" time="0.010" errors="0">
  <testcase name="m5" time="0.009" classname="com.testshastra.unittests.LoginTests"/>
  <testcase name="m3" time="0.000" classname="com.testshastra.unittests.LoginTests"/>
  <testcase name="m2" time="0.001" classname="com.testshastra.unittests.LoginTests"/>
</testsuite> <!-- com.testshastra.unittests.LoginTests -->
