<?xml version="1.0" encoding="UTF-8"?>
<!-- Generated by org.testng.reporters.JUnitReportReporter -->
<testsuite skipped="0" hostname="DESKTOP-4F08SV1" name="com.testshastra.unittests.SignupTests" tests="1" failures="0" timestamp="27 Jan 2021 13:57:13 GMT" time="0.000" errors="0">
  <testcase name="m1" time="0.000" classname="com.testshastra.unittests.SignupTests"/>
</testsuite> <!-- com.testshastra.unittests.SignupTests -->
