<?xml version="1.0" encoding="UTF-8"?>
<!-- Generated by org.testng.reporters.JUnitReportReporter -->
<testsuite skipped="0" hostname="DESKTOP-4F08SV1" name="com.testshastra.unittests.LoginTests" tests="1" failures="0" timestamp="27 Jan 2021 13:57:13 GMT" time="20.438" errors="0">
  <testcase name="m1" time="20.438" classname="com.testshastra.unittests.LoginTests"/>
</testsuite> <!-- com.testshastra.unittests.LoginTests -->
